2022-07-26 17:41:57,855-root-INFO-Question 1 solution starts
2022-07-26 17:42:13,660-root-INFO-Mysql connection function initiated
2022-07-26 17:42:13,678-root-INFO-Is Mysql connected? True
2022-07-26 17:42:16,512-root-INFO-Create cursor function started
2022-07-26 17:42:16,513-root-INFO-cursor created!
2022-07-26 17:42:22,835-root-INFO-Create mysql database funtion start
2022-07-26 17:42:22,850-root-INFO-Database created!
2022-07-26 17:42:31,308-root-INFO-Attribute DataSet table creation starts
2022-07-26 17:42:31,308-root-INFO-create table function started
2022-07-26 17:42:31,340-root-INFO-Table created
2022-07-26 17:42:40,610-root-INFO-Dress Sales table creation starts
2022-07-26 17:42:40,610-root-INFO-create table function started
2022-07-26 17:42:40,645-root-INFO-Table created
2022-07-26 17:42:43,918-root-INFO-

Question to bulk upload is starts from here
2022-07-26 17:42:43,918-root-INFO-insert data into Attribute DataSet table
2022-07-26 17:42:43,919-root-INFO-read data from Excel
2022-07-26 17:42:44,426-root-INFO-Insert data into table started
2022-07-26 17:42:44,442-root-INFO-Insert data into table started
2022-07-26 17:42:44,444-root-INFO-Insert data into table started
2022-07-26 17:42:44,447-root-INFO-Insert data into table started
2022-07-26 17:42:44,448-root-INFO-Insert data into table started
2022-07-26 17:42:44,450-root-INFO-Insert data into table started
2022-07-26 17:42:44,451-root-INFO-Insert data into table started
2022-07-26 17:42:44,453-root-INFO-Insert data into table started
2022-07-26 17:42:44,455-root-INFO-Insert data into table started
2022-07-26 17:42:44,456-root-INFO-Insert data into table started
2022-07-26 17:42:44,458-root-INFO-Insert data into table started
2022-07-26 17:42:44,459-root-INFO-Insert data into table started
2022-07-26 17:42:44,461-root-INFO-Insert data into table started
2022-07-26 17:42:44,463-root-INFO-Insert data into table started
2022-07-26 17:42:44,465-root-INFO-Insert data into table started
2022-07-26 17:42:44,466-root-INFO-Insert data into table started
2022-07-26 17:42:44,468-root-INFO-Insert data into table started
2022-07-26 17:42:44,470-root-INFO-Insert data into table started
2022-07-26 17:42:44,471-root-INFO-Insert data into table started
2022-07-26 17:42:44,473-root-INFO-Insert data into table started
2022-07-26 17:42:44,475-root-INFO-Insert data into table started
2022-07-26 17:42:44,476-root-INFO-Insert data into table started
2022-07-26 17:42:44,477-root-INFO-Insert data into table started
2022-07-26 17:42:44,480-root-INFO-Insert data into table started
2022-07-26 17:42:44,481-root-INFO-Insert data into table started
2022-07-26 17:42:44,483-root-INFO-Insert data into table started
2022-07-26 17:42:44,485-root-INFO-Insert data into table started
2022-07-26 17:42:44,487-root-INFO-Insert data into table started
2022-07-26 17:42:44,488-root-INFO-Insert data into table started
2022-07-26 17:42:44,490-root-INFO-Insert data into table started
2022-07-26 17:42:44,492-root-INFO-Insert data into table started
2022-07-26 17:42:44,493-root-INFO-Insert data into table started
2022-07-26 17:42:44,496-root-INFO-Insert data into table started
2022-07-26 17:42:44,498-root-INFO-Insert data into table started
2022-07-26 17:42:44,500-root-INFO-Insert data into table started
2022-07-26 17:42:44,501-root-INFO-Insert data into table started
2022-07-26 17:42:44,503-root-INFO-Insert data into table started
2022-07-26 17:42:44,505-root-INFO-Insert data into table started
2022-07-26 17:42:44,507-root-INFO-Insert data into table started
2022-07-26 17:42:44,508-root-INFO-Insert data into table started
2022-07-26 17:42:44,511-root-INFO-Insert data into table started
2022-07-26 17:42:44,513-root-INFO-Insert data into table started
2022-07-26 17:42:44,515-root-INFO-Insert data into table started
2022-07-26 17:42:44,517-root-INFO-Insert data into table started
2022-07-26 17:42:44,519-root-INFO-Insert data into table started
2022-07-26 17:42:44,520-root-INFO-Insert data into table started
2022-07-26 17:42:44,522-root-INFO-Insert data into table started
2022-07-26 17:42:44,523-root-INFO-Insert data into table started
2022-07-26 17:42:44,526-root-INFO-Insert data into table started
2022-07-26 17:42:44,527-root-INFO-Insert data into table started
2022-07-26 17:42:44,529-root-INFO-Insert data into table started
2022-07-26 17:42:44,531-root-INFO-Insert data into table started
2022-07-26 17:42:44,533-root-INFO-Insert data into table started
2022-07-26 17:42:44,535-root-INFO-Insert data into table started
2022-07-26 17:42:44,537-root-INFO-Insert data into table started
2022-07-26 17:42:44,539-root-INFO-Insert data into table started
2022-07-26 17:42:44,541-root-INFO-Insert data into table started
2022-07-26 17:42:44,543-root-INFO-Insert data into table started
2022-07-26 17:42:44,545-root-INFO-Insert data into table started
2022-07-26 17:42:44,547-root-INFO-Insert data into table started
2022-07-26 17:42:44,548-root-INFO-Insert data into table started
2022-07-26 17:42:44,550-root-INFO-Insert data into table started
2022-07-26 17:42:44,551-root-INFO-Insert data into table started
2022-07-26 17:42:44,553-root-INFO-Insert data into table started
2022-07-26 17:42:44,554-root-INFO-Insert data into table started
2022-07-26 17:42:44,556-root-INFO-Insert data into table started
2022-07-26 17:42:44,558-root-INFO-Insert data into table started
2022-07-26 17:42:44,560-root-INFO-Insert data into table started
2022-07-26 17:42:44,562-root-INFO-Insert data into table started
2022-07-26 17:42:44,563-root-INFO-Insert data into table started
2022-07-26 17:42:44,565-root-INFO-Insert data into table started
2022-07-26 17:42:44,566-root-INFO-Insert data into table started
2022-07-26 17:42:44,568-root-INFO-Insert data into table started
2022-07-26 17:42:44,569-root-INFO-Insert data into table started
2022-07-26 17:42:44,571-root-INFO-Insert data into table started
2022-07-26 17:42:44,573-root-INFO-Insert data into table started
2022-07-26 17:42:44,574-root-INFO-Insert data into table started
2022-07-26 17:42:44,576-root-INFO-Insert data into table started
2022-07-26 17:42:44,577-root-INFO-Insert data into table started
2022-07-26 17:42:44,579-root-INFO-Insert data into table started
2022-07-26 17:42:44,580-root-INFO-Insert data into table started
2022-07-26 17:42:44,582-root-INFO-Insert data into table started
2022-07-26 17:42:44,584-root-INFO-Insert data into table started
2022-07-26 17:42:44,586-root-INFO-Insert data into table started
2022-07-26 17:42:44,587-root-INFO-Insert data into table started
2022-07-26 17:42:44,589-root-INFO-Insert data into table started
2022-07-26 17:42:44,591-root-INFO-Insert data into table started
2022-07-26 17:42:44,593-root-INFO-Insert data into table started
2022-07-26 17:42:44,595-root-INFO-Insert data into table started
2022-07-26 17:42:44,597-root-INFO-Insert data into table started
2022-07-26 17:42:44,598-root-INFO-Insert data into table started
2022-07-26 17:42:44,600-root-INFO-Insert data into table started
2022-07-26 17:42:44,602-root-INFO-Insert data into table started
2022-07-26 17:42:44,604-root-INFO-Insert data into table started
2022-07-26 17:42:44,606-root-INFO-Insert data into table started
2022-07-26 17:42:44,609-root-INFO-Insert data into table started
2022-07-26 17:42:44,612-root-INFO-Insert data into table started
2022-07-26 17:42:44,614-root-INFO-Insert data into table started
2022-07-26 17:42:44,617-root-INFO-Insert data into table started
2022-07-26 17:42:44,620-root-INFO-Insert data into table started
2022-07-26 17:42:44,624-root-INFO-Insert data into table started
2022-07-26 17:42:44,629-root-INFO-Insert data into table started
2022-07-26 17:42:44,634-root-INFO-Insert data into table started
2022-07-26 17:42:44,637-root-INFO-Insert data into table started
2022-07-26 17:42:44,641-root-INFO-Insert data into table started
2022-07-26 17:42:44,644-root-INFO-Insert data into table started
2022-07-26 17:42:44,648-root-INFO-Insert data into table started
2022-07-26 17:42:44,652-root-INFO-Insert data into table started
2022-07-26 17:42:44,657-root-INFO-Insert data into table started
2022-07-26 17:42:44,663-root-INFO-Insert data into table started
2022-07-26 17:42:44,666-root-INFO-Insert data into table started
2022-07-26 17:42:44,670-root-INFO-Insert data into table started
2022-07-26 17:42:44,674-root-INFO-Insert data into table started
2022-07-26 17:42:44,678-root-INFO-Insert data into table started
2022-07-26 17:42:44,682-root-INFO-Insert data into table started
2022-07-26 17:42:44,686-root-INFO-Insert data into table started
2022-07-26 17:42:44,690-root-INFO-Insert data into table started
2022-07-26 17:42:44,694-root-INFO-Insert data into table started
2022-07-26 17:42:44,699-root-INFO-Insert data into table started
2022-07-26 17:42:44,703-root-INFO-Insert data into table started
2022-07-26 17:42:44,707-root-INFO-Insert data into table started
2022-07-26 17:42:44,710-root-INFO-Insert data into table started
2022-07-26 17:42:44,716-root-INFO-Insert data into table started
2022-07-26 17:42:44,720-root-INFO-Insert data into table started
2022-07-26 17:42:44,724-root-INFO-Insert data into table started
2022-07-26 17:42:44,729-root-INFO-Insert data into table started
2022-07-26 17:42:44,732-root-INFO-Insert data into table started
2022-07-26 17:42:44,736-root-INFO-Insert data into table started
2022-07-26 17:42:44,740-root-INFO-Insert data into table started
2022-07-26 17:42:44,744-root-INFO-Insert data into table started
2022-07-26 17:42:44,748-root-INFO-Insert data into table started
2022-07-26 17:42:44,751-root-INFO-Insert data into table started
2022-07-26 17:42:44,755-root-INFO-Insert data into table started
2022-07-26 17:42:44,760-root-INFO-Insert data into table started
2022-07-26 17:42:44,764-root-INFO-Insert data into table started
2022-07-26 17:42:44,767-root-INFO-Insert data into table started
2022-07-26 17:42:44,771-root-INFO-Insert data into table started
2022-07-26 17:42:44,775-root-INFO-Insert data into table started
2022-07-26 17:42:44,781-root-INFO-Insert data into table started
2022-07-26 17:42:44,785-root-INFO-Insert data into table started
2022-07-26 17:42:44,790-root-INFO-Insert data into table started
2022-07-26 17:42:44,793-root-INFO-Insert data into table started
2022-07-26 17:42:44,797-root-INFO-Insert data into table started
2022-07-26 17:42:44,801-root-INFO-Insert data into table started
2022-07-26 17:42:44,806-root-INFO-Insert data into table started
2022-07-26 17:42:44,811-root-INFO-Insert data into table started
2022-07-26 17:42:44,814-root-INFO-Insert data into table started
2022-07-26 17:42:44,818-root-INFO-Insert data into table started
2022-07-26 17:42:44,822-root-INFO-Insert data into table started
2022-07-26 17:42:44,825-root-INFO-Insert data into table started
2022-07-26 17:42:44,829-root-INFO-Insert data into table started
2022-07-26 17:42:44,833-root-INFO-Insert data into table started
2022-07-26 17:42:44,837-root-INFO-Insert data into table started
2022-07-26 17:42:44,842-root-INFO-Insert data into table started
2022-07-26 17:42:44,847-root-INFO-Insert data into table started
2022-07-26 17:42:44,851-root-INFO-Insert data into table started
2022-07-26 17:42:44,855-root-INFO-Insert data into table started
2022-07-26 17:42:44,859-root-INFO-Insert data into table started
2022-07-26 17:42:44,862-root-INFO-Insert data into table started
2022-07-26 17:42:44,866-root-INFO-Insert data into table started
2022-07-26 17:42:44,870-root-INFO-Insert data into table started
2022-07-26 17:42:44,876-root-INFO-Insert data into table started
2022-07-26 17:42:44,881-root-INFO-Insert data into table started
2022-07-26 17:42:44,885-root-INFO-Insert data into table started
2022-07-26 17:42:44,889-root-INFO-Insert data into table started
2022-07-26 17:42:44,893-root-INFO-Insert data into table started
2022-07-26 17:42:44,896-root-INFO-Insert data into table started
2022-07-26 17:42:44,901-root-INFO-Insert data into table started
2022-07-26 17:42:44,905-root-INFO-Insert data into table started
2022-07-26 17:42:44,908-root-INFO-Insert data into table started
2022-07-26 17:42:44,912-root-INFO-Insert data into table started
2022-07-26 17:42:44,915-root-INFO-Insert data into table started
2022-07-26 17:42:44,919-root-INFO-Insert data into table started
2022-07-26 17:42:44,922-root-INFO-Insert data into table started
2022-07-26 17:42:44,925-root-INFO-Insert data into table started
2022-07-26 17:42:44,929-root-INFO-Insert data into table started
2022-07-26 17:42:44,933-root-INFO-Insert data into table started
2022-07-26 17:42:44,936-root-INFO-Insert data into table started
2022-07-26 17:42:44,941-root-INFO-Insert data into table started
2022-07-26 17:42:44,945-root-INFO-Insert data into table started
2022-07-26 17:42:44,948-root-INFO-Insert data into table started
2022-07-26 17:42:44,952-root-INFO-Insert data into table started
2022-07-26 17:42:44,956-root-INFO-Insert data into table started
2022-07-26 17:42:44,960-root-INFO-Insert data into table started
2022-07-26 17:42:44,964-root-INFO-Insert data into table started
2022-07-26 17:42:44,968-root-INFO-Insert data into table started
2022-07-26 17:42:44,973-root-INFO-Insert data into table started
2022-07-26 17:42:44,976-root-INFO-Insert data into table started
2022-07-26 17:42:44,980-root-INFO-Insert data into table started
2022-07-26 17:42:44,984-root-INFO-Insert data into table started
2022-07-26 17:42:44,988-root-INFO-Insert data into table started
2022-07-26 17:42:44,992-root-INFO-Insert data into table started
2022-07-26 17:42:44,996-root-INFO-Insert data into table started
2022-07-26 17:42:45,000-root-INFO-Insert data into table started
2022-07-26 17:42:45,004-root-INFO-Insert data into table started
2022-07-26 17:42:45,009-root-INFO-Insert data into table started
2022-07-26 17:42:45,013-root-INFO-Insert data into table started
2022-07-26 17:42:45,017-root-INFO-Insert data into table started
2022-07-26 17:42:45,021-root-INFO-Insert data into table started
2022-07-26 17:42:45,027-root-INFO-Insert data into table started
2022-07-26 17:42:45,032-root-INFO-Insert data into table started
2022-07-26 17:42:45,037-root-INFO-Insert data into table started
2022-07-26 17:42:45,041-root-INFO-Insert data into table started
2022-07-26 17:42:45,044-root-INFO-Insert data into table started
2022-07-26 17:42:45,048-root-INFO-Insert data into table started
2022-07-26 17:42:45,051-root-INFO-Insert data into table started
2022-07-26 17:42:45,054-root-INFO-Insert data into table started
2022-07-26 17:42:45,057-root-INFO-Insert data into table started
2022-07-26 17:42:45,059-root-INFO-Insert data into table started
2022-07-26 17:42:45,060-root-INFO-Insert data into table started
2022-07-26 17:42:45,062-root-INFO-Insert data into table started
2022-07-26 17:42:45,064-root-INFO-Insert data into table started
2022-07-26 17:42:45,067-root-INFO-Insert data into table started
2022-07-26 17:42:45,069-root-INFO-Insert data into table started
2022-07-26 17:42:45,072-root-INFO-Insert data into table started
2022-07-26 17:42:45,074-root-INFO-Insert data into table started
2022-07-26 17:42:45,082-root-INFO-Insert data into table started
2022-07-26 17:42:45,084-root-INFO-Insert data into table started
2022-07-26 17:42:45,086-root-INFO-Insert data into table started
2022-07-26 17:42:45,088-root-INFO-Insert data into table started
2022-07-26 17:42:45,090-root-INFO-Insert data into table started
2022-07-26 17:42:45,092-root-INFO-Insert data into table started
2022-07-26 17:42:45,094-root-INFO-Insert data into table started
2022-07-26 17:42:45,096-root-INFO-Insert data into table started
2022-07-26 17:42:45,098-root-INFO-Insert data into table started
2022-07-26 17:42:45,100-root-INFO-Insert data into table started
2022-07-26 17:42:45,101-root-INFO-Insert data into table started
2022-07-26 17:42:45,103-root-INFO-Insert data into table started
2022-07-26 17:42:45,105-root-INFO-Insert data into table started
2022-07-26 17:42:45,106-root-INFO-Insert data into table started
2022-07-26 17:42:45,108-root-INFO-Insert data into table started
2022-07-26 17:42:45,109-root-INFO-Insert data into table started
2022-07-26 17:42:45,111-root-INFO-Insert data into table started
2022-07-26 17:42:45,113-root-INFO-Insert data into table started
2022-07-26 17:42:45,114-root-INFO-Insert data into table started
2022-07-26 17:42:45,116-root-INFO-Insert data into table started
2022-07-26 17:42:45,117-root-INFO-Insert data into table started
2022-07-26 17:42:45,119-root-INFO-Insert data into table started
2022-07-26 17:42:45,121-root-INFO-Insert data into table started
2022-07-26 17:42:45,122-root-INFO-Insert data into table started
2022-07-26 17:42:45,123-root-INFO-Insert data into table started
2022-07-26 17:42:45,125-root-INFO-Insert data into table started
2022-07-26 17:42:45,126-root-INFO-Insert data into table started
2022-07-26 17:42:45,128-root-INFO-Insert data into table started
2022-07-26 17:42:45,130-root-INFO-Insert data into table started
2022-07-26 17:42:45,131-root-INFO-Insert data into table started
2022-07-26 17:42:45,133-root-INFO-Insert data into table started
2022-07-26 17:42:45,134-root-INFO-Insert data into table started
2022-07-26 17:42:45,136-root-INFO-Insert data into table started
2022-07-26 17:42:45,137-root-INFO-Insert data into table started
2022-07-26 17:42:45,138-root-INFO-Insert data into table started
2022-07-26 17:42:45,140-root-INFO-Insert data into table started
2022-07-26 17:42:45,142-root-INFO-Insert data into table started
2022-07-26 17:42:45,143-root-INFO-Insert data into table started
2022-07-26 17:42:45,145-root-INFO-Insert data into table started
2022-07-26 17:42:45,146-root-INFO-Insert data into table started
2022-07-26 17:42:45,147-root-INFO-Insert data into table started
2022-07-26 17:42:45,149-root-INFO-Insert data into table started
2022-07-26 17:42:45,151-root-INFO-Insert data into table started
2022-07-26 17:42:45,152-root-INFO-Insert data into table started
2022-07-26 17:42:45,153-root-INFO-Insert data into table started
2022-07-26 17:42:45,155-root-INFO-Insert data into table started
2022-07-26 17:42:45,158-root-INFO-Insert data into table started
2022-07-26 17:42:45,161-root-INFO-Insert data into table started
2022-07-26 17:42:45,163-root-INFO-Insert data into table started
2022-07-26 17:42:45,165-root-INFO-Insert data into table started
2022-07-26 17:42:45,167-root-INFO-Insert data into table started
2022-07-26 17:42:45,168-root-INFO-Insert data into table started
2022-07-26 17:42:45,170-root-INFO-Insert data into table started
2022-07-26 17:42:45,171-root-INFO-Insert data into table started
2022-07-26 17:42:45,173-root-INFO-Insert data into table started
2022-07-26 17:42:45,174-root-INFO-Insert data into table started
2022-07-26 17:42:45,176-root-INFO-Insert data into table started
2022-07-26 17:42:45,177-root-INFO-Insert data into table started
2022-07-26 17:42:45,179-root-INFO-Insert data into table started
2022-07-26 17:42:45,180-root-INFO-Insert data into table started
2022-07-26 17:42:45,182-root-INFO-Insert data into table started
2022-07-26 17:42:45,183-root-INFO-Insert data into table started
2022-07-26 17:42:45,184-root-INFO-Insert data into table started
2022-07-26 17:42:45,186-root-INFO-Insert data into table started
2022-07-26 17:42:45,188-root-INFO-Insert data into table started
2022-07-26 17:42:45,190-root-INFO-Insert data into table started
2022-07-26 17:42:45,191-root-INFO-Insert data into table started
2022-07-26 17:42:45,193-root-INFO-Insert data into table started
2022-07-26 17:42:45,195-root-INFO-Insert data into table started
2022-07-26 17:42:45,197-root-INFO-Insert data into table started
2022-07-26 17:42:45,199-root-INFO-Insert data into table started
2022-07-26 17:42:45,201-root-INFO-Insert data into table started
2022-07-26 17:42:45,204-root-INFO-Insert data into table started
2022-07-26 17:42:45,206-root-INFO-Insert data into table started
2022-07-26 17:42:45,208-root-INFO-Insert data into table started
2022-07-26 17:42:45,210-root-INFO-Insert data into table started
2022-07-26 17:42:45,212-root-INFO-Insert data into table started
2022-07-26 17:42:45,213-root-INFO-Insert data into table started
2022-07-26 17:42:45,215-root-INFO-Insert data into table started
2022-07-26 17:42:45,217-root-INFO-Insert data into table started
2022-07-26 17:42:45,219-root-INFO-Insert data into table started
2022-07-26 17:42:45,221-root-INFO-Insert data into table started
2022-07-26 17:42:45,223-root-INFO-Insert data into table started
2022-07-26 17:42:45,225-root-INFO-Insert data into table started
2022-07-26 17:42:45,227-root-INFO-Insert data into table started
2022-07-26 17:42:45,228-root-INFO-Insert data into table started
2022-07-26 17:42:45,229-root-INFO-Insert data into table started
2022-07-26 17:42:45,232-root-INFO-Insert data into table started
2022-07-26 17:42:45,234-root-INFO-Insert data into table started
2022-07-26 17:42:45,236-root-INFO-Insert data into table started
2022-07-26 17:42:45,238-root-INFO-Insert data into table started
2022-07-26 17:42:45,239-root-INFO-Insert data into table started
2022-07-26 17:42:45,241-root-INFO-Insert data into table started
2022-07-26 17:42:45,242-root-INFO-Insert data into table started
2022-07-26 17:42:45,244-root-INFO-Insert data into table started
2022-07-26 17:42:45,245-root-INFO-Insert data into table started
2022-07-26 17:42:45,246-root-INFO-Insert data into table started
2022-07-26 17:42:45,248-root-INFO-Insert data into table started
2022-07-26 17:42:45,249-root-INFO-Insert data into table started
2022-07-26 17:42:45,251-root-INFO-Insert data into table started
2022-07-26 17:42:45,253-root-INFO-Insert data into table started
2022-07-26 17:42:45,254-root-INFO-Insert data into table started
2022-07-26 17:42:45,256-root-INFO-Insert data into table started
2022-07-26 17:42:45,257-root-INFO-Insert data into table started
2022-07-26 17:42:45,259-root-INFO-Insert data into table started
2022-07-26 17:42:45,260-root-INFO-Insert data into table started
2022-07-26 17:42:45,261-root-INFO-Insert data into table started
2022-07-26 17:42:45,263-root-INFO-Insert data into table started
2022-07-26 17:42:45,265-root-INFO-Insert data into table started
2022-07-26 17:42:45,266-root-INFO-Insert data into table started
2022-07-26 17:42:45,268-root-INFO-Insert data into table started
2022-07-26 17:42:45,270-root-INFO-Insert data into table started
2022-07-26 17:42:45,271-root-INFO-Insert data into table started
2022-07-26 17:42:45,273-root-INFO-Insert data into table started
2022-07-26 17:42:45,274-root-INFO-Insert data into table started
2022-07-26 17:42:45,276-root-INFO-Insert data into table started
2022-07-26 17:42:45,277-root-INFO-Insert data into table started
2022-07-26 17:42:45,279-root-INFO-Insert data into table started
2022-07-26 17:42:45,280-root-INFO-Insert data into table started
2022-07-26 17:42:45,282-root-INFO-Insert data into table started
2022-07-26 17:42:45,284-root-INFO-Insert data into table started
2022-07-26 17:42:45,285-root-INFO-Insert data into table started
2022-07-26 17:42:45,287-root-INFO-Insert data into table started
2022-07-26 17:42:45,289-root-INFO-Insert data into table started
2022-07-26 17:42:45,291-root-INFO-Insert data into table started
2022-07-26 17:42:45,292-root-INFO-Insert data into table started
2022-07-26 17:42:45,294-root-INFO-Insert data into table started
2022-07-26 17:42:45,297-root-INFO-Insert data into table started
2022-07-26 17:42:45,298-root-INFO-Insert data into table started
2022-07-26 17:42:45,300-root-INFO-Insert data into table started
2022-07-26 17:42:45,302-root-INFO-Insert data into table started
2022-07-26 17:42:45,304-root-INFO-Insert data into table started
2022-07-26 17:42:45,305-root-INFO-Insert data into table started
2022-07-26 17:42:45,307-root-INFO-Insert data into table started
2022-07-26 17:42:45,309-root-INFO-Insert data into table started
2022-07-26 17:42:45,310-root-INFO-Insert data into table started
2022-07-26 17:42:45,312-root-INFO-Insert data into table started
2022-07-26 17:42:45,314-root-INFO-Insert data into table started
2022-07-26 17:42:45,315-root-INFO-Insert data into table started
2022-07-26 17:42:45,317-root-INFO-Insert data into table started
2022-07-26 17:42:45,319-root-INFO-Insert data into table started
2022-07-26 17:42:45,320-root-INFO-Insert data into table started
2022-07-26 17:42:45,322-root-INFO-Insert data into table started
2022-07-26 17:42:45,323-root-INFO-Insert data into table started
2022-07-26 17:42:45,325-root-INFO-Insert data into table started
2022-07-26 17:42:45,327-root-INFO-Insert data into table started
2022-07-26 17:42:45,329-root-INFO-Insert data into table started
2022-07-26 17:42:45,330-root-INFO-Insert data into table started
2022-07-26 17:42:45,332-root-INFO-Insert data into table started
2022-07-26 17:42:45,334-root-INFO-Insert data into table started
2022-07-26 17:42:45,335-root-INFO-Insert data into table started
2022-07-26 17:42:45,337-root-INFO-Insert data into table started
2022-07-26 17:42:45,338-root-INFO-Insert data into table started
2022-07-26 17:42:45,341-root-INFO-Insert data into table started
2022-07-26 17:42:45,343-root-INFO-Insert data into table started
2022-07-26 17:42:45,345-root-INFO-Insert data into table started
2022-07-26 17:42:45,346-root-INFO-Insert data into table started
2022-07-26 17:42:45,348-root-INFO-Insert data into table started
2022-07-26 17:42:45,349-root-INFO-Insert data into table started
2022-07-26 17:42:45,351-root-INFO-Insert data into table started
2022-07-26 17:42:45,353-root-INFO-Insert data into table started
2022-07-26 17:42:45,354-root-INFO-Insert data into table started
2022-07-26 17:42:45,356-root-INFO-Insert data into table started
2022-07-26 17:42:45,358-root-INFO-Insert data into table started
2022-07-26 17:42:45,361-root-INFO-Insert data into table started
2022-07-26 17:42:45,362-root-INFO-Insert data into table started
2022-07-26 17:42:45,364-root-INFO-Insert data into table started
2022-07-26 17:42:45,366-root-INFO-Insert data into table started
2022-07-26 17:42:45,369-root-INFO-Insert data into table started
2022-07-26 17:42:45,371-root-INFO-Insert data into table started
2022-07-26 17:42:45,373-root-INFO-Insert data into table started
2022-07-26 17:42:45,376-root-INFO-Insert data into table started
2022-07-26 17:42:45,378-root-INFO-Insert data into table started
2022-07-26 17:42:45,380-root-INFO-Insert data into table started
2022-07-26 17:42:45,382-root-INFO-Insert data into table started
2022-07-26 17:42:45,384-root-INFO-Insert data into table started
2022-07-26 17:42:45,386-root-INFO-Insert data into table started
2022-07-26 17:42:45,388-root-INFO-Insert data into table started
2022-07-26 17:42:45,390-root-INFO-Insert data into table started
2022-07-26 17:42:45,393-root-INFO-Insert data into table started
2022-07-26 17:42:45,396-root-INFO-Insert data into table started
2022-07-26 17:42:45,398-root-INFO-Insert data into table started
2022-07-26 17:42:45,400-root-INFO-Insert data into table started
2022-07-26 17:42:45,401-root-INFO-Insert data into table started
2022-07-26 17:42:45,403-root-INFO-Insert data into table started
2022-07-26 17:42:45,404-root-INFO-Insert data into table started
2022-07-26 17:42:45,406-root-INFO-Insert data into table started
2022-07-26 17:42:45,407-root-INFO-Insert data into table started
2022-07-26 17:42:45,409-root-INFO-Insert data into table started
2022-07-26 17:42:45,411-root-INFO-Insert data into table started
2022-07-26 17:42:45,412-root-INFO-Insert data into table started
2022-07-26 17:42:45,414-root-INFO-Insert data into table started
2022-07-26 17:42:45,415-root-INFO-Insert data into table started
2022-07-26 17:42:45,417-root-INFO-Insert data into table started
2022-07-26 17:42:45,419-root-INFO-Insert data into table started
2022-07-26 17:42:45,421-root-INFO-Insert data into table started
2022-07-26 17:42:45,422-root-INFO-Insert data into table started
2022-07-26 17:42:45,424-root-INFO-Insert data into table started
2022-07-26 17:42:45,425-root-INFO-Insert data into table started
2022-07-26 17:42:45,427-root-INFO-Insert data into table started
2022-07-26 17:42:45,430-root-INFO-Insert data into table started
2022-07-26 17:42:45,432-root-INFO-Insert data into table started
2022-07-26 17:42:45,434-root-INFO-Insert data into table started
2022-07-26 17:42:45,436-root-INFO-Insert data into table started
2022-07-26 17:42:45,438-root-INFO-Insert data into table started
2022-07-26 17:42:45,440-root-INFO-Insert data into table started
2022-07-26 17:42:45,443-root-INFO-Insert data into table started
2022-07-26 17:42:45,445-root-INFO-Insert data into table started
2022-07-26 17:42:45,447-root-INFO-Insert data into table started
2022-07-26 17:42:45,449-root-INFO-Insert data into table started
2022-07-26 17:42:45,450-root-INFO-Insert data into table started
2022-07-26 17:42:45,452-root-INFO-Insert data into table started
2022-07-26 17:42:45,453-root-INFO-Insert data into table started
2022-07-26 17:42:45,455-root-INFO-Insert data into table started
2022-07-26 17:42:45,456-root-INFO-Insert data into table started
2022-07-26 17:42:45,459-root-INFO-Insert data into table started
2022-07-26 17:42:45,460-root-INFO-Insert data into table started
2022-07-26 17:42:45,461-root-INFO-Insert data into table started
2022-07-26 17:42:45,463-root-INFO-Insert data into table started
2022-07-26 17:42:45,465-root-INFO-Insert data into table started
2022-07-26 17:42:45,466-root-INFO-Insert data into table started
2022-07-26 17:42:45,468-root-INFO-Insert data into table started
2022-07-26 17:42:45,469-root-INFO-Insert data into table started
2022-07-26 17:42:45,471-root-INFO-Insert data into table started
2022-07-26 17:42:45,472-root-INFO-Insert data into table started
2022-07-26 17:42:45,474-root-INFO-Insert data into table started
2022-07-26 17:42:45,475-root-INFO-Insert data into table started
2022-07-26 17:42:45,476-root-INFO-Insert data into table started
2022-07-26 17:42:45,478-root-INFO-Insert data into table started
2022-07-26 17:42:45,480-root-INFO-Insert data into table started
2022-07-26 17:42:45,481-root-INFO-Insert data into table started
2022-07-26 17:42:45,483-root-INFO-Insert data into table started
2022-07-26 17:42:45,484-root-INFO-Insert data into table started
2022-07-26 17:42:45,486-root-INFO-Insert data into table started
2022-07-26 17:42:45,487-root-INFO-Insert data into table started
2022-07-26 17:42:45,489-root-INFO-Insert data into table started
2022-07-26 17:42:45,490-root-INFO-Insert data into table started
2022-07-26 17:42:45,491-root-INFO-Insert data into table started
2022-07-26 17:42:45,493-root-INFO-Insert data into table started
2022-07-26 17:42:45,495-root-INFO-Insert data into table started
2022-07-26 17:42:45,496-root-INFO-Insert data into table started
2022-07-26 17:42:45,498-root-INFO-Insert data into table started
2022-07-26 17:42:45,499-root-INFO-Insert data into table started
2022-07-26 17:42:45,500-root-INFO-Insert data into table started
2022-07-26 17:42:45,502-root-INFO-Insert data into table started
2022-07-26 17:42:45,504-root-INFO-Insert data into table started
2022-07-26 17:42:45,505-root-INFO-Insert data into table started
2022-07-26 17:42:45,507-root-INFO-Insert data into table started
2022-07-26 17:42:45,508-root-INFO-Insert data into table started
2022-07-26 17:42:45,510-root-INFO-Insert data into table started
2022-07-26 17:42:45,512-root-INFO-Insert data into table started
2022-07-26 17:42:45,513-root-INFO-Insert data into table started
2022-07-26 17:42:45,515-root-INFO-Insert data into table started
2022-07-26 17:42:45,517-root-INFO-Insert data into table started
2022-07-26 17:42:45,519-root-INFO-Insert data into table started
2022-07-26 17:42:45,521-root-INFO-Insert data into table started
2022-07-26 17:42:45,522-root-INFO-Insert data into table started
2022-07-26 17:42:45,524-root-INFO-Insert data into table started
2022-07-26 17:42:45,526-root-INFO-Insert data into table started
2022-07-26 17:42:45,527-root-INFO-Insert data into table started
2022-07-26 17:42:45,529-root-INFO-Insert data into table started
2022-07-26 17:42:45,530-root-INFO-Insert data into table started
2022-07-26 17:42:45,532-root-INFO-Insert data into table started
2022-07-26 17:42:45,533-root-INFO-Insert data into table started
2022-07-26 17:42:45,535-root-INFO-Insert data into table started
2022-07-26 17:42:45,537-root-INFO-Insert data into table started
2022-07-26 17:42:45,538-root-INFO-Insert data into table started
2022-07-26 17:42:45,540-root-INFO-Insert data into table started
2022-07-26 17:42:45,543-root-INFO-Insert data into table started
2022-07-26 17:42:45,545-root-INFO-Insert data into table started
2022-07-26 17:42:45,546-root-INFO-Insert data into table started
2022-07-26 17:42:45,549-root-INFO-Insert data into table started
2022-07-26 17:42:45,551-root-INFO-Insert data into table started
2022-07-26 17:42:45,553-root-INFO-Insert data into table started
2022-07-26 17:42:45,555-root-INFO-Insert data into table started
2022-07-26 17:42:45,558-root-INFO-Insert data into table started
2022-07-26 17:42:45,561-root-INFO-Insert data into table started
2022-07-26 17:42:45,564-root-INFO-Insert data into table started
2022-07-26 17:42:45,567-root-INFO-Insert data into table started
2022-07-26 17:42:45,570-root-INFO-Insert data into table started
2022-07-26 17:42:45,573-root-INFO-Insert data into table started
2022-07-26 17:42:45,577-root-INFO-Insert data into table started
2022-07-26 17:42:45,582-root-INFO-Insert data into table started
2022-07-26 17:42:45,584-root-INFO-Insert data into table started
2022-07-26 17:42:58,450-root-INFO-
insert data into Dress Sales table
2022-07-26 17:42:58,450-root-INFO-read data from excel file 
2022-07-26 17:42:58,586-root-INFO-Insert data into table started
2022-07-26 17:42:58,602-root-INFO-Insert data into table started
2022-07-26 17:42:58,606-root-INFO-Insert data into table started
2022-07-26 17:42:58,609-root-INFO-Insert data into table started
2022-07-26 17:42:58,613-root-INFO-Insert data into table started
2022-07-26 17:42:58,616-root-INFO-Insert data into table started
2022-07-26 17:42:58,620-root-INFO-Insert data into table started
2022-07-26 17:42:58,622-root-INFO-Insert data into table started
2022-07-26 17:42:58,625-root-INFO-Insert data into table started
2022-07-26 17:42:58,628-root-INFO-Insert data into table started
2022-07-26 17:42:58,631-root-INFO-Insert data into table started
2022-07-26 17:42:58,634-root-INFO-Insert data into table started
2022-07-26 17:42:58,637-root-INFO-Insert data into table started
2022-07-26 17:42:58,640-root-INFO-Insert data into table started
2022-07-26 17:42:58,643-root-INFO-Insert data into table started
2022-07-26 17:42:58,647-root-INFO-Insert data into table started
2022-07-26 17:42:58,651-root-INFO-Insert data into table started
2022-07-26 17:42:58,654-root-INFO-Insert data into table started
2022-07-26 17:42:58,657-root-INFO-Insert data into table started
2022-07-26 17:42:58,660-root-INFO-Insert data into table started
2022-07-26 17:42:58,665-root-INFO-Insert data into table started
2022-07-26 17:42:58,668-root-INFO-Insert data into table started
2022-07-26 17:42:58,671-root-INFO-Insert data into table started
2022-07-26 17:42:58,675-root-INFO-Insert data into table started
2022-07-26 17:42:58,679-root-INFO-Insert data into table started
2022-07-26 17:42:58,683-root-INFO-Insert data into table started
2022-07-26 17:42:58,687-root-INFO-Insert data into table started
2022-07-26 17:42:58,689-root-INFO-Insert data into table started
2022-07-26 17:42:58,694-root-INFO-Insert data into table started
2022-07-26 17:42:58,697-root-INFO-Insert data into table started
2022-07-26 17:42:58,700-root-INFO-Insert data into table started
2022-07-26 17:42:58,703-root-INFO-Insert data into table started
2022-07-26 17:42:58,707-root-INFO-Insert data into table started
2022-07-26 17:42:58,710-root-INFO-Insert data into table started
2022-07-26 17:42:58,713-root-INFO-Insert data into table started
2022-07-26 17:42:58,717-root-INFO-Insert data into table started
2022-07-26 17:42:58,720-root-INFO-Insert data into table started
2022-07-26 17:42:58,724-root-INFO-Insert data into table started
2022-07-26 17:42:58,728-root-INFO-Insert data into table started
2022-07-26 17:42:58,733-root-INFO-Insert data into table started
2022-07-26 17:42:58,736-root-INFO-Insert data into table started
2022-07-26 17:42:58,741-root-INFO-Insert data into table started
2022-07-26 17:42:58,746-root-INFO-Insert data into table started
2022-07-26 17:42:58,749-root-INFO-Insert data into table started
2022-07-26 17:42:58,754-root-INFO-Insert data into table started
2022-07-26 17:42:58,758-root-INFO-Insert data into table started
2022-07-26 17:42:58,761-root-INFO-Insert data into table started
2022-07-26 17:42:58,765-root-INFO-Insert data into table started
2022-07-26 17:42:58,770-root-INFO-Insert data into table started
2022-07-26 17:42:58,773-root-INFO-Insert data into table started
2022-07-26 17:42:58,776-root-INFO-Insert data into table started
2022-07-26 17:42:58,779-root-INFO-Insert data into table started
2022-07-26 17:42:58,784-root-INFO-Insert data into table started
2022-07-26 17:42:58,788-root-INFO-Insert data into table started
2022-07-26 17:42:58,791-root-INFO-Insert data into table started
2022-07-26 17:42:58,795-root-INFO-Insert data into table started
2022-07-26 17:42:58,798-root-INFO-Insert data into table started
2022-07-26 17:42:58,801-root-INFO-Insert data into table started
2022-07-26 17:42:58,806-root-INFO-Insert data into table started
2022-07-26 17:42:58,810-root-INFO-Insert data into table started
2022-07-26 17:42:58,814-root-INFO-Insert data into table started
2022-07-26 17:42:58,818-root-INFO-Insert data into table started
2022-07-26 17:42:58,822-root-INFO-Insert data into table started
2022-07-26 17:42:58,825-root-INFO-Insert data into table started
2022-07-26 17:42:58,828-root-INFO-Insert data into table started
2022-07-26 17:42:58,831-root-INFO-Insert data into table started
2022-07-26 17:42:58,834-root-INFO-Insert data into table started
2022-07-26 17:42:58,838-root-INFO-Insert data into table started
2022-07-26 17:42:58,841-root-INFO-Insert data into table started
2022-07-26 17:42:58,844-root-INFO-Insert data into table started
2022-07-26 17:42:58,848-root-INFO-Insert data into table started
2022-07-26 17:42:58,852-root-INFO-Insert data into table started
2022-07-26 17:42:58,855-root-INFO-Insert data into table started
2022-07-26 17:42:58,858-root-INFO-Insert data into table started
2022-07-26 17:42:58,863-root-INFO-Insert data into table started
2022-07-26 17:42:58,867-root-INFO-Insert data into table started
2022-07-26 17:42:58,871-root-INFO-Insert data into table started
2022-07-26 17:42:58,879-root-INFO-Insert data into table started
2022-07-26 17:42:58,884-root-INFO-Insert data into table started
2022-07-26 17:42:58,888-root-INFO-Insert data into table started
2022-07-26 17:42:58,893-root-INFO-Insert data into table started
2022-07-26 17:42:58,898-root-INFO-Insert data into table started
2022-07-26 17:42:58,902-root-INFO-Insert data into table started
2022-07-26 17:42:58,906-root-INFO-Insert data into table started
2022-07-26 17:42:58,911-root-INFO-Insert data into table started
2022-07-26 17:42:58,915-root-INFO-Insert data into table started
2022-07-26 17:42:58,919-root-INFO-Insert data into table started
2022-07-26 17:42:58,923-root-INFO-Insert data into table started
2022-07-26 17:42:58,927-root-INFO-Insert data into table started
2022-07-26 17:42:58,930-root-INFO-Insert data into table started
2022-07-26 17:42:58,933-root-INFO-Insert data into table started
2022-07-26 17:42:58,937-root-INFO-Insert data into table started
2022-07-26 17:42:58,941-root-INFO-Insert data into table started
2022-07-26 17:42:58,946-root-INFO-Insert data into table started
2022-07-26 17:42:58,950-root-INFO-Insert data into table started
2022-07-26 17:42:58,954-root-INFO-Insert data into table started
2022-07-26 17:42:58,957-root-INFO-Insert data into table started
2022-07-26 17:42:58,960-root-INFO-Insert data into table started
2022-07-26 17:42:58,964-root-INFO-Insert data into table started
2022-07-26 17:42:58,967-root-INFO-Insert data into table started
2022-07-26 17:42:58,971-root-INFO-Insert data into table started
2022-07-26 17:42:58,976-root-INFO-Insert data into table started
2022-07-26 17:42:58,979-root-INFO-Insert data into table started
2022-07-26 17:42:58,982-root-INFO-Insert data into table started
2022-07-26 17:42:58,985-root-INFO-Insert data into table started
2022-07-26 17:42:58,989-root-INFO-Insert data into table started
2022-07-26 17:42:58,994-root-INFO-Insert data into table started
2022-07-26 17:42:58,999-root-INFO-Insert data into table started
2022-07-26 17:42:59,002-root-INFO-Insert data into table started
2022-07-26 17:42:59,006-root-INFO-Insert data into table started
2022-07-26 17:42:59,009-root-INFO-Insert data into table started
2022-07-26 17:42:59,011-root-INFO-Insert data into table started
2022-07-26 17:42:59,014-root-INFO-Insert data into table started
2022-07-26 17:42:59,019-root-INFO-Insert data into table started
2022-07-26 17:42:59,022-root-INFO-Insert data into table started
2022-07-26 17:42:59,025-root-INFO-Insert data into table started
2022-07-26 17:42:59,029-root-INFO-Insert data into table started
2022-07-26 17:42:59,032-root-INFO-Insert data into table started
2022-07-26 17:42:59,036-root-INFO-Insert data into table started
2022-07-26 17:42:59,039-root-INFO-Insert data into table started
2022-07-26 17:42:59,040-root-ERROR-1366 (HY000): Incorrect integer value: 'Orders' for column '22/9/2013' at row 1
2022-07-26 17:42:59,041-root-INFO-Insert data into table started
2022-07-26 17:42:59,044-root-INFO-Insert data into table started
2022-07-26 17:42:59,047-root-INFO-Insert data into table started
2022-07-26 17:42:59,051-root-INFO-Insert data into table started
2022-07-26 17:42:59,054-root-INFO-Insert data into table started
2022-07-26 17:42:59,059-root-INFO-Insert data into table started
2022-07-26 17:42:59,064-root-INFO-Insert data into table started
2022-07-26 17:42:59,067-root-INFO-Insert data into table started
2022-07-26 17:42:59,070-root-INFO-Insert data into table started
2022-07-26 17:42:59,074-root-INFO-Insert data into table started
2022-07-26 17:42:59,077-root-INFO-Insert data into table started
2022-07-26 17:42:59,080-root-INFO-Insert data into table started
2022-07-26 17:42:59,083-root-INFO-Insert data into table started
2022-07-26 17:42:59,086-root-INFO-Insert data into table started
2022-07-26 17:42:59,090-root-INFO-Insert data into table started
2022-07-26 17:42:59,094-root-INFO-Insert data into table started
2022-07-26 17:42:59,097-root-INFO-Insert data into table started
2022-07-26 17:42:59,101-root-INFO-Insert data into table started
2022-07-26 17:42:59,105-root-INFO-Insert data into table started
2022-07-26 17:42:59,108-root-INFO-Insert data into table started
2022-07-26 17:42:59,111-root-INFO-Insert data into table started
2022-07-26 17:42:59,114-root-INFO-Insert data into table started
2022-07-26 17:42:59,118-root-INFO-Insert data into table started
2022-07-26 17:42:59,122-root-INFO-Insert data into table started
2022-07-26 17:42:59,126-root-INFO-Insert data into table started
2022-07-26 17:42:59,129-root-INFO-Insert data into table started
2022-07-26 17:42:59,131-root-INFO-Insert data into table started
2022-07-26 17:42:59,133-root-INFO-Insert data into table started
2022-07-26 17:42:59,135-root-INFO-Insert data into table started
2022-07-26 17:42:59,137-root-INFO-Insert data into table started
2022-07-26 17:42:59,139-root-INFO-Insert data into table started
2022-07-26 17:42:59,141-root-INFO-Insert data into table started
2022-07-26 17:42:59,143-root-INFO-Insert data into table started
2022-07-26 17:42:59,145-root-INFO-Insert data into table started
2022-07-26 17:42:59,147-root-INFO-Insert data into table started
2022-07-26 17:42:59,149-root-INFO-Insert data into table started
2022-07-26 17:42:59,151-root-INFO-Insert data into table started
2022-07-26 17:42:59,153-root-INFO-Insert data into table started
2022-07-26 17:42:59,155-root-INFO-Insert data into table started
2022-07-26 17:42:59,157-root-INFO-Insert data into table started
2022-07-26 17:42:59,158-root-INFO-Insert data into table started
2022-07-26 17:42:59,160-root-INFO-Insert data into table started
2022-07-26 17:42:59,161-root-INFO-Insert data into table started
2022-07-26 17:42:59,163-root-INFO-Insert data into table started
2022-07-26 17:42:59,165-root-INFO-Insert data into table started
2022-07-26 17:42:59,167-root-INFO-Insert data into table started
2022-07-26 17:42:59,169-root-INFO-Insert data into table started
2022-07-26 17:42:59,172-root-INFO-Insert data into table started
2022-07-26 17:42:59,175-root-INFO-Insert data into table started
2022-07-26 17:42:59,178-root-INFO-Insert data into table started
2022-07-26 17:42:59,179-root-INFO-Insert data into table started
2022-07-26 17:42:59,181-root-INFO-Insert data into table started
2022-07-26 17:42:59,183-root-INFO-Insert data into table started
2022-07-26 17:42:59,186-root-INFO-Insert data into table started
2022-07-26 17:42:59,188-root-INFO-Insert data into table started
2022-07-26 17:42:59,191-root-INFO-Insert data into table started
2022-07-26 17:42:59,194-root-INFO-Insert data into table started
2022-07-26 17:42:59,198-root-INFO-Insert data into table started
2022-07-26 17:42:59,201-root-INFO-Insert data into table started
2022-07-26 17:42:59,203-root-INFO-Insert data into table started
2022-07-26 17:42:59,206-root-INFO-Insert data into table started
2022-07-26 17:42:59,208-root-INFO-Insert data into table started
2022-07-26 17:42:59,210-root-INFO-Insert data into table started
2022-07-26 17:42:59,212-root-INFO-Insert data into table started
2022-07-26 17:42:59,214-root-INFO-Insert data into table started
2022-07-26 17:42:59,217-root-INFO-Insert data into table started
2022-07-26 17:42:59,222-root-INFO-Insert data into table started
2022-07-26 17:42:59,224-root-INFO-Insert data into table started
2022-07-26 17:42:59,226-root-INFO-Insert data into table started
2022-07-26 17:42:59,229-root-INFO-Insert data into table started
2022-07-26 17:42:59,231-root-INFO-Insert data into table started
2022-07-26 17:42:59,233-root-INFO-Insert data into table started
2022-07-26 17:42:59,236-root-INFO-Insert data into table started
2022-07-26 17:42:59,238-root-INFO-Insert data into table started
2022-07-26 17:42:59,240-root-INFO-Insert data into table started
2022-07-26 17:42:59,241-root-INFO-Insert data into table started
2022-07-26 17:42:59,244-root-INFO-Insert data into table started
2022-07-26 17:42:59,246-root-INFO-Insert data into table started
2022-07-26 17:42:59,248-root-INFO-Insert data into table started
2022-07-26 17:42:59,250-root-INFO-Insert data into table started
2022-07-26 17:42:59,252-root-INFO-Insert data into table started
2022-07-26 17:42:59,254-root-INFO-Insert data into table started
2022-07-26 17:42:59,255-root-INFO-Insert data into table started
2022-07-26 17:42:59,257-root-INFO-Insert data into table started
2022-07-26 17:42:59,259-root-INFO-Insert data into table started
2022-07-26 17:42:59,261-root-INFO-Insert data into table started
2022-07-26 17:42:59,263-root-INFO-Insert data into table started
2022-07-26 17:42:59,265-root-INFO-Insert data into table started
2022-07-26 17:42:59,266-root-INFO-Insert data into table started
2022-07-26 17:42:59,268-root-INFO-Insert data into table started
2022-07-26 17:42:59,270-root-INFO-Insert data into table started
2022-07-26 17:42:59,272-root-INFO-Insert data into table started
2022-07-26 17:42:59,274-root-INFO-Insert data into table started
2022-07-26 17:42:59,276-root-INFO-Insert data into table started
2022-07-26 17:42:59,278-root-INFO-Insert data into table started
2022-07-26 17:42:59,279-root-INFO-Insert data into table started
2022-07-26 17:42:59,281-root-INFO-Insert data into table started
2022-07-26 17:42:59,282-root-INFO-Insert data into table started
2022-07-26 17:42:59,284-root-INFO-Insert data into table started
2022-07-26 17:42:59,285-root-INFO-Insert data into table started
2022-07-26 17:42:59,287-root-INFO-Insert data into table started
2022-07-26 17:42:59,288-root-INFO-Insert data into table started
2022-07-26 17:42:59,289-root-INFO-Insert data into table started
2022-07-26 17:42:59,291-root-INFO-Insert data into table started
2022-07-26 17:42:59,292-root-INFO-Insert data into table started
2022-07-26 17:42:59,294-root-INFO-Insert data into table started
2022-07-26 17:42:59,296-root-INFO-Insert data into table started
2022-07-26 17:42:59,297-root-INFO-Insert data into table started
2022-07-26 17:42:59,299-root-INFO-Insert data into table started
2022-07-26 17:42:59,300-root-INFO-Insert data into table started
2022-07-26 17:42:59,302-root-INFO-Insert data into table started
2022-07-26 17:42:59,303-root-INFO-Insert data into table started
2022-07-26 17:42:59,305-root-INFO-Insert data into table started
2022-07-26 17:42:59,307-root-INFO-Insert data into table started
2022-07-26 17:42:59,308-root-INFO-Insert data into table started
2022-07-26 17:42:59,311-root-INFO-Insert data into table started
2022-07-26 17:42:59,313-root-INFO-Insert data into table started
2022-07-26 17:42:59,314-root-INFO-Insert data into table started
2022-07-26 17:42:59,316-root-INFO-Insert data into table started
2022-07-26 17:42:59,318-root-INFO-Insert data into table started
2022-07-26 17:42:59,320-root-INFO-Insert data into table started
2022-07-26 17:42:59,322-root-INFO-Insert data into table started
2022-07-26 17:42:59,323-root-INFO-Insert data into table started
2022-07-26 17:42:59,325-root-INFO-Insert data into table started
2022-07-26 17:42:59,326-root-INFO-Insert data into table started
2022-07-26 17:42:59,328-root-INFO-Insert data into table started
2022-07-26 17:42:59,329-root-INFO-Insert data into table started
2022-07-26 17:42:59,331-root-INFO-Insert data into table started
2022-07-26 17:42:59,332-root-INFO-Insert data into table started
2022-07-26 17:42:59,333-root-INFO-Insert data into table started
2022-07-26 17:42:59,336-root-INFO-Insert data into table started
2022-07-26 17:42:59,338-root-INFO-Insert data into table started
2022-07-26 17:42:59,339-root-INFO-Insert data into table started
2022-07-26 17:42:59,341-root-INFO-Insert data into table started
2022-07-26 17:42:59,343-root-INFO-Insert data into table started
2022-07-26 17:42:59,345-root-INFO-Insert data into table started
2022-07-26 17:42:59,347-root-INFO-Insert data into table started
2022-07-26 17:42:59,349-root-INFO-Insert data into table started
2022-07-26 17:42:59,351-root-INFO-Insert data into table started
2022-07-26 17:42:59,352-root-INFO-Insert data into table started
2022-07-26 17:42:59,354-root-INFO-Insert data into table started
2022-07-26 17:42:59,356-root-INFO-Insert data into table started
2022-07-26 17:42:59,358-root-INFO-Insert data into table started
2022-07-26 17:42:59,361-root-INFO-Insert data into table started
2022-07-26 17:42:59,363-root-ERROR-1366 (HY000): Incorrect integer value: 'Removed' for column '09-12-2013' at row 1
2022-07-26 17:42:59,363-root-INFO-Insert data into table started
2022-07-26 17:42:59,365-root-INFO-Insert data into table started
2022-07-26 17:42:59,367-root-INFO-Insert data into table started
2022-07-26 17:42:59,369-root-INFO-Insert data into table started
2022-07-26 17:42:59,371-root-INFO-Insert data into table started
2022-07-26 17:42:59,372-root-INFO-Insert data into table started
2022-07-26 17:42:59,374-root-INFO-Insert data into table started
2022-07-26 17:42:59,376-root-INFO-Insert data into table started
2022-07-26 17:42:59,377-root-INFO-Insert data into table started
2022-07-26 17:42:59,378-root-INFO-Insert data into table started
2022-07-26 17:42:59,380-root-INFO-Insert data into table started
2022-07-26 17:42:59,381-root-INFO-Insert data into table started
2022-07-26 17:42:59,383-root-INFO-Insert data into table started
2022-07-26 17:42:59,385-root-INFO-Insert data into table started
2022-07-26 17:42:59,387-root-INFO-Insert data into table started
2022-07-26 17:42:59,388-root-INFO-Insert data into table started
2022-07-26 17:42:59,390-root-INFO-Insert data into table started
2022-07-26 17:42:59,392-root-INFO-Insert data into table started
2022-07-26 17:42:59,394-root-INFO-Insert data into table started
2022-07-26 17:42:59,395-root-INFO-Insert data into table started
2022-07-26 17:42:59,398-root-INFO-Insert data into table started
2022-07-26 17:42:59,400-root-INFO-Insert data into table started
2022-07-26 17:42:59,401-root-INFO-Insert data into table started
2022-07-26 17:42:59,403-root-INFO-Insert data into table started
2022-07-26 17:42:59,405-root-INFO-Insert data into table started
2022-07-26 17:42:59,407-root-INFO-Insert data into table started
2022-07-26 17:42:59,409-root-INFO-Insert data into table started
2022-07-26 17:42:59,410-root-INFO-Insert data into table started
2022-07-26 17:42:59,411-root-INFO-Insert data into table started
2022-07-26 17:42:59,414-root-INFO-Insert data into table started
2022-07-26 17:42:59,417-root-INFO-Insert data into table started
2022-07-26 17:42:59,419-root-INFO-Insert data into table started
2022-07-26 17:42:59,421-root-INFO-Insert data into table started
2022-07-26 17:42:59,423-root-INFO-Insert data into table started
2022-07-26 17:42:59,425-root-INFO-Insert data into table started
2022-07-26 17:42:59,426-root-INFO-Insert data into table started
2022-07-26 17:42:59,429-root-INFO-Insert data into table started
2022-07-26 17:42:59,431-root-INFO-Insert data into table started
2022-07-26 17:42:59,434-root-INFO-Insert data into table started
2022-07-26 17:42:59,436-root-INFO-Insert data into table started
2022-07-26 17:42:59,438-root-INFO-Insert data into table started
2022-07-26 17:42:59,440-root-INFO-Insert data into table started
2022-07-26 17:42:59,441-root-INFO-Insert data into table started
2022-07-26 17:42:59,444-root-INFO-Insert data into table started
2022-07-26 17:42:59,446-root-INFO-Insert data into table started
2022-07-26 17:42:59,447-root-INFO-Insert data into table started
2022-07-26 17:42:59,449-root-INFO-Insert data into table started
2022-07-26 17:42:59,451-root-INFO-Insert data into table started
2022-07-26 17:42:59,452-root-INFO-Insert data into table started
2022-07-26 17:42:59,454-root-INFO-Insert data into table started
2022-07-26 17:42:59,455-root-INFO-Insert data into table started
2022-07-26 17:42:59,457-root-INFO-Insert data into table started
2022-07-26 17:42:59,460-root-INFO-Insert data into table started
2022-07-26 17:42:59,461-root-INFO-Insert data into table started
2022-07-26 17:42:59,464-root-INFO-Insert data into table started
2022-07-26 17:42:59,466-root-INFO-Insert data into table started
2022-07-26 17:42:59,467-root-INFO-Insert data into table started
2022-07-26 17:42:59,469-root-INFO-Insert data into table started
2022-07-26 17:42:59,477-root-INFO-Insert data into table started
2022-07-26 17:42:59,479-root-INFO-Insert data into table started
2022-07-26 17:42:59,482-root-INFO-Insert data into table started
2022-07-26 17:42:59,484-root-INFO-Insert data into table started
2022-07-26 17:42:59,487-root-INFO-Insert data into table started
2022-07-26 17:42:59,489-root-INFO-Insert data into table started
2022-07-26 17:42:59,492-root-INFO-Insert data into table started
2022-07-26 17:42:59,495-root-INFO-Insert data into table started
2022-07-26 17:42:59,497-root-INFO-Insert data into table started
2022-07-26 17:42:59,500-root-INFO-Insert data into table started
2022-07-26 17:42:59,502-root-INFO-Insert data into table started
2022-07-26 17:42:59,504-root-INFO-Insert data into table started
2022-07-26 17:42:59,506-root-INFO-Insert data into table started
2022-07-26 17:42:59,508-root-INFO-Insert data into table started
2022-07-26 17:42:59,510-root-INFO-Insert data into table started
2022-07-26 17:42:59,511-root-INFO-Insert data into table started
2022-07-26 17:42:59,513-root-INFO-Insert data into table started
2022-07-26 17:42:59,515-root-INFO-Insert data into table started
2022-07-26 17:42:59,517-root-INFO-Insert data into table started
2022-07-26 17:42:59,519-root-INFO-Insert data into table started
2022-07-26 17:42:59,521-root-INFO-Insert data into table started
2022-07-26 17:42:59,523-root-INFO-Insert data into table started
2022-07-26 17:42:59,525-root-INFO-Insert data into table started
2022-07-26 17:42:59,526-root-INFO-Insert data into table started
2022-07-26 17:42:59,528-root-INFO-Insert data into table started
2022-07-26 17:42:59,529-root-INFO-Insert data into table started
2022-07-26 17:42:59,531-root-INFO-Insert data into table started
2022-07-26 17:42:59,533-root-INFO-Insert data into table started
2022-07-26 17:42:59,535-root-INFO-Insert data into table started
2022-07-26 17:42:59,537-root-INFO-Insert data into table started
2022-07-26 17:42:59,539-root-INFO-Insert data into table started
2022-07-26 17:42:59,540-root-INFO-Insert data into table started
2022-07-26 17:42:59,542-root-INFO-Insert data into table started
2022-07-26 17:42:59,544-root-INFO-Insert data into table started
2022-07-26 17:42:59,547-root-INFO-Insert data into table started
2022-07-26 17:42:59,550-root-INFO-Insert data into table started
2022-07-26 17:42:59,553-root-INFO-Insert data into table started
2022-07-26 17:42:59,556-root-INFO-Insert data into table started
2022-07-26 17:42:59,557-root-INFO-Insert data into table started
2022-07-26 17:42:59,559-root-INFO-Insert data into table started
2022-07-26 17:42:59,562-root-INFO-Insert data into table started
2022-07-26 17:42:59,564-root-INFO-Insert data into table started
2022-07-26 17:42:59,567-root-INFO-Insert data into table started
2022-07-26 17:42:59,570-root-INFO-Insert data into table started
2022-07-26 17:42:59,573-root-INFO-Insert data into table started
2022-07-26 17:42:59,576-root-INFO-Insert data into table started
2022-07-26 17:42:59,578-root-INFO-Insert data into table started
2022-07-26 17:42:59,581-root-INFO-Insert data into table started
2022-07-26 17:42:59,583-root-INFO-Insert data into table started
2022-07-26 17:42:59,586-root-INFO-Insert data into table started
2022-07-26 17:42:59,589-root-INFO-Insert data into table started
2022-07-26 17:42:59,592-root-INFO-Insert data into table started
2022-07-26 17:42:59,596-root-INFO-Insert data into table started
2022-07-26 17:42:59,600-root-INFO-Insert data into table started
2022-07-26 17:42:59,603-root-INFO-Insert data into table started
2022-07-26 17:42:59,607-root-INFO-Insert data into table started
2022-07-26 17:42:59,611-root-INFO-Insert data into table started
2022-07-26 17:42:59,615-root-INFO-Insert data into table started
2022-07-26 17:42:59,619-root-INFO-Insert data into table started
2022-07-26 17:42:59,623-root-INFO-Insert data into table started
2022-07-26 17:42:59,626-root-INFO-Insert data into table started
2022-07-26 17:42:59,630-root-INFO-Insert data into table started
2022-07-26 17:42:59,634-root-INFO-Insert data into table started
2022-07-26 17:42:59,637-root-INFO-Insert data into table started
2022-07-26 17:42:59,641-root-INFO-Insert data into table started
2022-07-26 17:42:59,645-root-INFO-Insert data into table started
2022-07-26 17:42:59,650-root-INFO-Insert data into table started
2022-07-26 17:42:59,654-root-INFO-Insert data into table started
2022-07-26 17:42:59,658-root-INFO-Insert data into table started
2022-07-26 17:42:59,662-root-INFO-Insert data into table started
2022-07-26 17:42:59,666-root-INFO-Insert data into table started
2022-07-26 17:42:59,669-root-INFO-Insert data into table started
2022-07-26 17:42:59,674-root-INFO-Insert data into table started
2022-07-26 17:42:59,678-root-INFO-Insert data into table started
2022-07-26 17:42:59,683-root-INFO-Insert data into table started
2022-07-26 17:42:59,686-root-INFO-Insert data into table started
2022-07-26 17:42:59,688-root-INFO-Insert data into table started
2022-07-26 17:42:59,691-root-INFO-Insert data into table started
2022-07-26 17:42:59,693-root-INFO-Insert data into table started
2022-07-26 17:42:59,695-root-INFO-Insert data into table started
2022-07-26 17:42:59,698-root-INFO-Insert data into table started
2022-07-26 17:42:59,699-root-INFO-Insert data into table started
2022-07-26 17:42:59,700-root-INFO-Insert data into table started
2022-07-26 17:42:59,703-root-INFO-Insert data into table started
2022-07-26 17:42:59,705-root-INFO-Insert data into table started
2022-07-26 17:42:59,707-root-INFO-Insert data into table started
2022-07-26 17:42:59,708-root-INFO-Insert data into table started
2022-07-26 17:42:59,710-root-INFO-Insert data into table started
2022-07-26 17:42:59,711-root-INFO-Insert data into table started
2022-07-26 17:42:59,713-root-INFO-Insert data into table started
2022-07-26 17:42:59,714-root-INFO-Insert data into table started
2022-07-26 17:42:59,716-root-INFO-Insert data into table started
2022-07-26 17:42:59,717-root-INFO-Insert data into table started
2022-07-26 17:42:59,719-root-INFO-Insert data into table started
2022-07-26 17:42:59,721-root-INFO-Insert data into table started
2022-07-26 17:42:59,723-root-INFO-Insert data into table started
2022-07-26 17:42:59,724-root-INFO-Insert data into table started
2022-07-26 17:42:59,726-root-INFO-Insert data into table started
2022-07-26 17:42:59,728-root-INFO-Insert data into table started
2022-07-26 17:42:59,729-root-INFO-Insert data into table started
2022-07-26 17:42:59,731-root-INFO-Insert data into table started
2022-07-26 17:42:59,732-root-INFO-Insert data into table started
2022-07-26 17:42:59,733-root-INFO-Insert data into table started
2022-07-26 17:42:59,735-root-INFO-Insert data into table started
2022-07-26 17:42:59,737-root-INFO-Insert data into table started
2022-07-26 17:42:59,739-root-INFO-Insert data into table started
2022-07-26 17:42:59,742-root-INFO-Insert data into table started
2022-07-26 17:42:59,745-root-INFO-Insert data into table started
2022-07-26 17:42:59,747-root-INFO-Insert data into table started
2022-07-26 17:42:59,749-root-INFO-Insert data into table started
2022-07-26 17:42:59,751-root-INFO-Insert data into table started
2022-07-26 17:42:59,754-root-INFO-Insert data into table started
2022-07-26 17:42:59,756-root-INFO-Insert data into table started
2022-07-26 17:42:59,757-root-INFO-Insert data into table started
2022-07-26 17:42:59,759-root-INFO-Insert data into table started
2022-07-26 17:42:59,760-root-INFO-Insert data into table started
2022-07-26 17:42:59,762-root-INFO-Insert data into table started
2022-07-26 17:42:59,764-root-INFO-Insert data into table started
2022-07-26 17:42:59,766-root-INFO-Insert data into table started
2022-07-26 17:42:59,767-root-INFO-Insert data into table started
2022-07-26 17:42:59,769-root-INFO-Insert data into table started
2022-07-26 17:42:59,771-root-INFO-Insert data into table started
2022-07-26 17:42:59,773-root-INFO-Insert data into table started
2022-07-26 17:42:59,774-root-INFO-Insert data into table started
2022-07-26 17:42:59,776-root-INFO-Insert data into table started
2022-07-26 17:42:59,777-root-INFO-Insert data into table started
2022-07-26 17:42:59,779-root-INFO-Insert data into table started
2022-07-26 17:42:59,780-root-INFO-Insert data into table started
2022-07-26 17:42:59,782-root-INFO-Insert data into table started
2022-07-26 17:42:59,784-root-INFO-Insert data into table started
2022-07-26 17:42:59,785-root-INFO-Insert data into table started
2022-07-26 17:42:59,787-root-INFO-Insert data into table started
2022-07-26 17:42:59,789-root-INFO-Insert data into table started
2022-07-26 17:42:59,790-root-INFO-Insert data into table started
2022-07-26 17:42:59,792-root-INFO-Insert data into table started
2022-07-26 17:42:59,794-root-INFO-Insert data into table started
2022-07-26 17:42:59,795-root-INFO-Insert data into table started
2022-07-26 17:42:59,797-root-INFO-Insert data into table started
2022-07-26 17:42:59,798-root-INFO-Insert data into table started
2022-07-26 17:42:59,799-root-INFO-Insert data into table started
2022-07-26 17:42:59,801-root-INFO-Insert data into table started
2022-07-26 17:42:59,803-root-INFO-Insert data into table started
2022-07-26 17:42:59,805-root-INFO-Insert data into table started
2022-07-26 17:42:59,807-root-INFO-Insert data into table started
2022-07-26 17:42:59,809-root-INFO-Insert data into table started
2022-07-26 17:42:59,811-root-INFO-Insert data into table started
2022-07-26 17:42:59,813-root-INFO-Insert data into table started
2022-07-26 17:42:59,814-root-INFO-Insert data into table started
2022-07-26 17:42:59,816-root-INFO-Insert data into table started
2022-07-26 17:42:59,817-root-INFO-Insert data into table started
2022-07-26 17:42:59,819-root-INFO-Insert data into table started
2022-07-26 17:42:59,821-root-INFO-Insert data into table started
2022-07-26 17:42:59,823-root-INFO-Insert data into table started
2022-07-26 17:42:59,824-root-INFO-Insert data into table started
2022-07-26 17:42:59,826-root-INFO-Insert data into table started
2022-07-26 17:42:59,827-root-INFO-Insert data into table started
2022-07-26 17:42:59,829-root-INFO-Insert data into table started
2022-07-26 17:42:59,831-root-INFO-Insert data into table started
2022-07-26 17:42:59,833-root-INFO-Insert data into table started
2022-07-26 17:42:59,835-root-INFO-Insert data into table started
2022-07-26 17:42:59,837-root-INFO-Insert data into table started
2022-07-26 17:42:59,837-root-INFO-Insert data into table started
2022-07-26 17:42:59,839-root-INFO-Insert data into table started
2022-07-26 17:42:59,841-root-INFO-Insert data into table started
2022-07-26 17:42:59,843-root-INFO-Insert data into table started
2022-07-26 17:42:59,844-root-INFO-Insert data into table started
2022-07-26 17:42:59,846-root-INFO-Insert data into table started
2022-07-26 17:42:59,847-root-INFO-Insert data into table started
2022-07-26 17:42:59,849-root-INFO-Insert data into table started
2022-07-26 17:42:59,850-root-INFO-Insert data into table started
2022-07-26 17:42:59,852-root-INFO-Insert data into table started
2022-07-26 17:42:59,854-root-INFO-Insert data into table started
2022-07-26 17:42:59,855-root-INFO-Insert data into table started
2022-07-26 17:42:59,856-root-INFO-Insert data into table started
2022-07-26 17:42:59,858-root-INFO-Insert data into table started
2022-07-26 17:42:59,860-root-INFO-Insert data into table started
2022-07-26 17:42:59,862-root-INFO-Insert data into table started
2022-07-26 17:42:59,863-root-INFO-Insert data into table started
2022-07-26 17:43:11,440-root-INFO-

Question 3 Read dataset from mysql table into data frame starts
2022-07-26 17:43:11,440-root-INFO-read table Attribute DataSet using pandas
2022-07-26 17:43:11,440-root-INFO-Read data from mysql table using pandas started
2022-07-26 17:43:13,952-root-INFO-read table Attribute DataSet using pandas
2022-07-26 17:43:13,952-root-INFO-Read data from mysql table using pandas started
2022-07-26 17:43:19,672-root-INFO-

 Question 4 convert Dataset into jason starts
2022-07-26 17:43:27,557-root-INFO-
 try to make connection with MongoDB 
2022-07-26 17:43:40,382-root-INFO-start create Database
2022-07-26 17:43:57,378-root-INFO-

Questio 5 store jason data into mongodb
2022-07-26 17:43:57,379-root-INFO-create two collection for store jason file
2022-07-26 17:44:31,225-root-INFO-insert jason dataset into created collection
2022-07-26 17:44:58,012-root-INFO-

read query in mysql of question 6
2022-07-26 17:44:58,012-root-INFO-Read data from mysql table using pandas started
2022-07-26 17:45:07,972-root-INFO-

read query in mysql of question 7
2022-07-26 17:45:07,972-root-INFO-Read data from mysql table using pandas started
2022-07-26 17:45:16,984-root-INFO-

read query in mysql of question 8
2022-07-26 17:45:16,984-root-INFO-Read data from mysql table using pandas started
2022-07-26 17:45:23,921-root-INFO-

read query in mysql of question 9
2022-07-26 17:45:23,921-root-INFO-Read data from mysql table using pandas started
2022-07-26 17:45:47,331-root-INFO-

read query in mysql of question 10
2022-07-26 17:45:47,331-root-INFO-Read data from mysql table using pandas started
